<?xml version="1.0" encoding="UTF-8"?>
<!-- Generated by org.testng.reporters.JUnitXMLReporter -->
<testsuite ignored="0" hostname="DESKTOP-5VR39KC" failures="1" tests="3" name="ErrorValidation Test" time="28.295" errors="0" timestamp="2025-10-24T23:25:17 IST">
  <testcase classname="package1.ErrorValidation" name="LoginErrorValidation" time="0.698">
    <skipped/>
  </testcase> <!-- LoginErrorValidation -->
  <testcase classname="package1.ErrorValidation" name="LoginErrorValidation" time="0.968">
    <failure type="java.lang.AssertionError" message="expected [Login Successfully] but found [Incorrect email or password]">
      <![CDATA[java.lang.AssertionError: expected [Login Successfully] but found [Incorrect email or password]
at package1.ErrorValidation.LoginErrorValidation(ErrorValidation.java:29)
at java.base/java.util.ArrayList.forEach(ArrayList.java:1604)
at java.base/java.util.concurrent.FutureTask.run(FutureTask.java:328)
at java.base/java.util.concurrent.ThreadPoolExecutor.runWorker(ThreadPoolExecutor.java:1090)
at java.base/java.util.concurrent.ThreadPoolExecutor$Worker.run(ThreadPoolExecutor.java:614)
at java.base/java.lang.Thread.run(Thread.java:1474)
... Removed 21 stack frames]]>
    </failure>
  </testcase> <!-- LoginErrorValidation -->
  <testcase classname="package1.ErrorValidation" name="ProductErrorValidation" time="2.836"/>
</testsuite> <!-- ErrorValidation Test -->
